<?xml version="1.0" encoding="UTF-8"?>
<!-- Generated by org.testng.reporters.JUnitXMLReporter -->
<testsuite ignored="0" hostname="DESKTOP-QFCL18R" failures="0" tests="6" name="Surefire test" time="0.065" errors="0" timestamp="2023-07-30T14:30:30 IST">
  <testcase classname="TestCases.TestNgTestCases" name="method1" time="0.004"/>
  <testcase classname="TestCases.TestNgTestCases" name="method2" time="0.001"/>
  <testcase classname="TestCases.TestNgTestCases" name="method3" time="0.001"/>
  <testcase classname="TestCases.TestNgTestCases" name="method4" time="0.001"/>
  <testcase classname="TestCases.TestNgTestCases2" name="method12" time="0.001"/>
  <testcase classname="TestCases.TestNgTestCases2" name="method13" time="0.001"/>
</testsuite> <!-- Surefire test -->
