<?xml version="1.0" encoding="UTF-8"?>
<!-- Generated by org.testng.reporters.JUnitXMLReporter -->
<testsuite ignored="0" hostname="DESKTOP-QFCL18R" failures="0" tests="6" name="Test" time="0.137" errors="0" timestamp="2023-07-30T13:04:07 IST">
  <testcase classname="TestCases.TestNgTestCases" name="method1" time="0.012"/>
  <testcase classname="TestCases.TestNgTestCases" name="method2" time="0.002"/>
  <testcase classname="TestCases.TestNgTestCases" name="method3" time="0.011"/>
  <testcase classname="TestCases.TestNgTestCases" name="method4" time="0.004"/>
  <testcase classname="TestCases.TestNgTestCases2" name="method12" time="0.003"/>
  <testcase classname="TestCases.TestNgTestCases2" name="method13" time="0.005"/>
</testsuite> <!-- Test -->
