<?xml version="1.0" encoding="UTF-8"?>
<testng-results ignored="0" total="6" passed="6" failed="0" skipped="0">
  <reporter-output>
  </reporter-output>
  <suite started-at="2023-07-30T13:04:07 IST" name="Suite" finished-at="2023-07-30T13:04:07 IST" duration-ms="137">
    <groups>
    </groups>
    <test started-at="2023-07-30T13:04:07 IST" name="Test" finished-at="2023-07-30T13:04:07 IST" duration-ms="137">
      <class name="TestCases.TestNgTestCases">
        <test-method signature="method1()[pri:0, instance:TestCases.TestNgTestCases@15bb5034]" started-at="2023-07-30T13:04:07 IST" name="method1" finished-at="2023-07-30T13:04:07 IST" duration-ms="12" status="PASS">
          <reporter-output>
          </reporter-output>
        </test-method> <!-- method1 -->
        <test-method signature="method2()[pri:0, instance:TestCases.TestNgTestCases@15bb5034]" started-at="2023-07-30T13:04:07 IST" name="method2" finished-at="2023-07-30T13:04:07 IST" duration-ms="2" status="PASS">
          <reporter-output>
          </reporter-output>
        </test-method> <!-- method2 -->
        <test-method signature="method3()[pri:0, instance:TestCases.TestNgTestCases@15bb5034]" started-at="2023-07-30T13:04:07 IST" name="method3" finished-at="2023-07-30T13:04:07 IST" duration-ms="11" status="PASS">
          <reporter-output>
          </reporter-output>
        </test-method> <!-- method3 -->
        <test-method signature="method4()[pri:0, instance:TestCases.TestNgTestCases@15bb5034]" started-at="2023-07-30T13:04:07 IST" name="method4" finished-at="2023-07-30T13:04:07 IST" duration-ms="4" status="PASS">
          <reporter-output>
          </reporter-output>
        </test-method> <!-- method4 -->
      </class> <!-- TestCases.TestNgTestCases -->
      <class name="TestCases.TestNgTestCases2">
        <test-method signature="method12()[pri:0, instance:TestCases.TestNgTestCases2@7ef82753]" started-at="2023-07-30T13:04:07 IST" name="method12" finished-at="2023-07-30T13:04:07 IST" duration-ms="3" status="PASS">
          <reporter-output>
          </reporter-output>
        </test-method> <!-- method12 -->
        <test-method signature="method13()[pri:0, instance:TestCases.TestNgTestCases2@7ef82753]" started-at="2023-07-30T13:04:07 IST" name="method13" finished-at="2023-07-30T13:04:07 IST" duration-ms="5" status="PASS">
          <reporter-output>
          </reporter-output>
        </test-method> <!-- method13 -->
      </class> <!-- TestCases.TestNgTestCases2 -->
    </test> <!-- Test -->
  </suite> <!-- Suite -->
</testng-results>
